c:\users\adina\kruijssen-adina-itp380-20191\lab04\debug\vc141.pdb
c:\users\adina\kruijssen-adina-itp380-20191\lab04\debug\vc141.idb
c:\users\adina\kruijssen-adina-itp380-20191\lab04\debug\math.obj
c:\users\adina\kruijssen-adina-itp380-20191\lab04\debug\main.obj
c:\users\adina\kruijssen-adina-itp380-20191\lab04\debug\component.obj
c:\users\adina\kruijssen-adina-itp380-20191\lab04\debug\actor.obj
c:\users\adina\kruijssen-adina-itp380-20191\lab04\debug\spritecomponent.obj
c:\users\adina\kruijssen-adina-itp380-20191\lab04\debug\random.obj
c:\users\adina\kruijssen-adina-itp380-20191\lab04\debug\movecomponent.obj
c:\users\adina\kruijssen-adina-itp380-20191\lab04\debug\game.obj
c:\users\adina\kruijssen-adina-itp380-20191\lab04\debug\collisioncomponent.obj
c:\users\adina\kruijssen-adina-itp380-20191\lab04\debug\block.obj
c:\users\adina\kruijssen-adina-itp380-20191\lab04\debug\animatedsprite.obj
c:\users\adina\kruijssen-adina-itp380-20191\lab04\debug\playermove.obj
c:\users\adina\kruijssen-adina-itp380-20191\lab04\debug\player.obj
c:\users\adina\kruijssen-adina-itp380-20191\lab04\debug\goomba.obj
c:\users\adina\kruijssen-adina-itp380-20191\lab04\debug\goombamove.obj
c:\users\adina\kruijssen-adina-itp380-20191\lab04\debug\spawner.obj
c:\users\adina\super-mario-bros\debug\vc141.pdb
c:\users\adina\super-mario-bros\debug\vc141.idb
c:\users\adina\super-mario-bros\debug\random.obj
c:\users\adina\super-mario-bros\debug\math.obj
c:\users\adina\kruijssen-adina-itp380-20191\lab04\debug\game.exe
c:\users\adina\kruijssen-adina-itp380-20191\lab04\debug\game.ilk
c:\users\adina\kruijssen-adina-itp380-20191\lab04\debug\game.pdb
c:\users\adina\super-mario-bros\debug\actor.obj
c:\users\adina\super-mario-bros\debug\animatedsprite.obj
c:\users\adina\super-mario-bros\debug\block.obj
c:\users\adina\super-mario-bros\debug\collisioncomponent.obj
c:\users\adina\super-mario-bros\debug\component.obj
c:\users\adina\super-mario-bros\debug\game.obj
c:\users\adina\super-mario-bros\debug\goomba.obj
c:\users\adina\super-mario-bros\debug\goombamove.obj
c:\users\adina\super-mario-bros\debug\main.obj
c:\users\adina\super-mario-bros\debug\movecomponent.obj
c:\users\adina\super-mario-bros\debug\player.obj
c:\users\adina\super-mario-bros\debug\playermove.obj
c:\users\adina\super-mario-bros\debug\spawner.obj
c:\users\adina\super-mario-bros\debug\spritecomponent.obj
c:\users\adina\super-mario-bros\debug\animatedsprite.obj.enc
c:\users\adina\super-mario-bros\debug\game.ilk
c:\users\adina\super-mario-bros\debug\game.pdb
c:\users\adina\super-mario-bros\debug\game.exe
c:\users\adina\super-mario-bros\debug\game.tlog\cl.command.1.tlog
c:\users\adina\super-mario-bros\debug\game.tlog\cl.read.1.tlog
c:\users\adina\super-mario-bros\debug\game.tlog\cl.write.1.tlog
c:\users\adina\super-mario-bros\debug\game.tlog\link.command.1.tlog
c:\users\adina\super-mario-bros\debug\game.tlog\link.read.1.tlog
c:\users\adina\super-mario-bros\debug\game.tlog\link.write.1.tlog
